ERROR:root:main crashed. Error: <class 'ValueError'>
cannot compute fingerprint of empty list
<traceback object at 0x156c70a00>
ERROR:root:Tracing exception: ValueError "cannot compute fingerprint of empty list" 
on line 1803 of file /Users/mariamalharrach/Documents/NeoCom/GUI.py function PlaceCell_func
ERROR:root:  File "/Applications/PyCharm CE.app/Contents/plugins/python-ce/helpers/pydev/pydevd.py", line 2127, in <module>
    main()


ERROR:root:  File "/Applications/PyCharm CE.app/Contents/plugins/python-ce/helpers/pydev/pydevd.py", line 2118, in main
    globals = debugger.run(setup['file'], None, None, is_module)


ERROR:root:  File "/Applications/PyCharm CE.app/Contents/plugins/python-ce/helpers/pydev/pydevd.py", line 1427, in run
    return self._exec(is_module, entry_point_fn, module_name, file, globals, locals)


ERROR:root:  File "/Applications/PyCharm CE.app/Contents/plugins/python-ce/helpers/pydev/pydevd.py", line 1434, in _exec
    pydev_imports.execfile(file, globals, locals)  # execute the script


ERROR:root:  File "/Applications/PyCharm CE.app/Contents/plugins/python-ce/helpers/pydev/_pydev_imps/_pydev_execfile.py", line 18, in execfile
    exec(compile(contents+"\n", file, 'exec'), glob, loc)


ERROR:root:  File "/Users/mariamalharrach/Documents/NeoCom/GUI.py", line 4634, in <module>
    main()


ERROR:root:  File "/Users/mariamalharrach/Documents/NeoCom/GUI.py", line 4630, in main
    sys.exit(app.exec())


ERROR:root:  File "/Users/mariamalharrach/Documents/NeoCom/GUI.py", line 1803, in PlaceCell_func
    self.update_Model()


